{
  "RSpec": {
    "coverage": {
      "/Users/jus/turing/3module/projects/sweater-weather/app/controllers/api/v1/gifs_controller.rb": [
        1,
        1,
        1,
        null,
        null
      ],
      "/Users/jus/turing/3module/projects/sweater-weather/app/controllers/application_controller.rb": [
        1,
        null
      ],
      "/Users/jus/turing/3module/projects/sweater-weather/app/mailers/application_mailer.rb": [
        0,
        0,
        0,
        0
      ],
      "/Users/jus/turing/3module/projects/sweater-weather/app/models/weather.rb": [
        0,
        0,
        0,
        0,
        null,
        0,
        0,
        0,
        null,
        0,
        0,
        0,
        null,
        0,
        0,
        0,
        null,
        0,
        0,
        0,
        null,
        0,
        0,
        0,
        null,
        0,
        0,
        0,
        null,
        0,
        0,
        0,
        null,
        0,
        0,
        0,
        null,
        0,
        0,
        0,
        null,
        0,
        0,
        0,
        null,
        0,
        0,
        0,
        null,
        0,
        0,
        0,
        null,
        0,
        0,
        0,
        null,
        0,
        0,
        0,
        null,
        0,
        0,
        0,
        null,
        0,
        null,
        0,
        0,
        0,
        null,
        0,
        0,
        0,
        null,
        0,
        0,
        0,
        0
      ],
      "/Users/jus/turing/3module/projects/sweater-weather/app/models/application_record.rb": [
        0,
        0,
        0
      ],
      "/Users/jus/turing/3module/projects/sweater-weather/app/serializers/forecast_serializer.rb": [
        0,
        0,
        0,
        0,
        0,
        0,
        0,
        0,
        0,
        0,
        0,
        0,
        0,
        0,
        0,
        0,
        0,
        0,
        0,
        0,
        0,
        0,
        0,
        0,
        0,
        0,
        0,
        0,
        0,
        0,
        0,
        0,
        null,
        0,
        0,
        0,
        0
      ],
      "/Users/jus/turing/3module/projects/sweater-weather/app/facades/forecast_facade.rb": [
        0,
        0,
        0,
        0,
        0,
        null,
        0,
        0,
        0,
        null,
        0,
        null,
        0,
        0,
        0,
        null,
        0,
        0,
        0,
        0
      ],
      "/Users/jus/turing/3module/projects/sweater-weather/app/facades/geocode_facade.rb": [
        0,
        0,
        0,
        0,
        0,
        null,
        0,
        0,
        0,
        null,
        0,
        0,
        0,
        null,
        0,
        null,
        0,
        0,
        0,
        null,
        0,
        0,
        0,
        0
      ],
      "/Users/jus/turing/3module/projects/sweater-weather/app/jobs/application_job.rb": [
        0,
        0
      ],
      "/Users/jus/turing/3module/projects/sweater-weather/app/controllers/api/v1/forecasts_controller.rb": [
        0,
        0,
        0,
        0,
        0
      ],
      "/Users/jus/turing/3module/projects/sweater-weather/app/helpers/application_helper.rb": [
        0,
        0
      ],
      "/Users/jus/turing/3module/projects/sweater-weather/app/services/google_geocode_service.rb": [
        0,
        0,
        0,
        0,
        null,
        0,
        0,
        0,
        null,
        0,
        null,
        0,
        0,
        null,
        0,
        0,
        null,
        0,
        0,
        0,
        0,
        0,
        0,
        0
      ],
      "/Users/jus/turing/3module/projects/sweater-weather/app/services/darksky_service.rb": [
        0,
        0,
        0,
        0,
        null,
        0,
        0,
        0,
        null,
        0,
        null,
        0,
        0,
        null,
        0,
        0,
        null,
        0,
        0,
        0,
        0,
        0,
        0
      ],
      "/Users/jus/turing/3module/projects/sweater-weather/app/channels/application_cable/connection.rb": [
        0,
        0,
        0,
        0
      ],
      "/Users/jus/turing/3module/projects/sweater-weather/app/channels/application_cable/channel.rb": [
        0,
        0,
        0,
        0
      ]
    },
    "timestamp": 1551111453
  }
}
