{
  "RSpec": {
    "coverage": {
      "/Users/jus/turing/3module/projects/sweater-weather/app/controllers/api/v1/forecasts_controller.rb": [
        1,
        1,
        1,
        null,
        null
      ],
      "/Users/jus/turing/3module/projects/sweater-weather/app/controllers/application_controller.rb": [
        1,
        null
      ],
      "/Users/jus/turing/3module/projects/sweater-weather/app/serializers/forecast_serializer.rb": [
        1,
        1,
        1,
        1,
        null,
        null,
        null,
        null,
        null,
        null,
        null,
        null,
        1,
        1,
        24,
        null,
        null,
        null,
        null,
        1,
        1,
        7,
        null,
        null,
        null,
        null,
        null,
        null,
        null,
        null,
        1,
        null,
        null,
        1,
        1,
        null,
        null
      ],
      "/Users/jus/turing/3module/projects/sweater-weather/app/facades/forecast_facade.rb": [
        1,
        1,
        12,
        12,
        null,
        null,
        1,
        12,
        null,
        null,
        1,
        null,
        1,
        12,
        null,
        null,
        1,
        12,
        null,
        null
      ],
      "/Users/jus/turing/3module/projects/sweater-weather/app/facades/geocode_facade.rb": [
        1,
        1,
        7,
        7,
        null,
        null,
        1,
        7,
        null,
        null,
        1,
        14,
        null,
        null,
        1,
        null,
        1,
        0,
        null,
        null,
        1,
        14,
        null,
        null
      ],
      "/Users/jus/turing/3module/projects/sweater-weather/app/services/google_geocode_service.rb": [
        1,
        1,
        15,
        null,
        null,
        1,
        15,
        null,
        null,
        1,
        null,
        1,
        15,
        null,
        15,
        null,
        null,
        1,
        15,
        15,
        15,
        null,
        null,
        null
      ],
      "/Users/jus/turing/3module/projects/sweater-weather/app/models/weather.rb": [
        1,
        1,
        14,
        null,
        null,
        1,
        3,
        null,
        null,
        1,
        3,
        null,
        null,
        1,
        3,
        null,
        null,
        1,
        2,
        null,
        null,
        1,
        2,
        null,
        null,
        1,
        2,
        null,
        null,
        1,
        2,
        null,
        null,
        1,
        28,
        null,
        null,
        1,
        27,
        null,
        null,
        1,
        38,
        null,
        null,
        1,
        13,
        null,
        null,
        1,
        13,
        null,
        null,
        1,
        73,
        null,
        null,
        1,
        8,
        null,
        null,
        1,
        12,
        null,
        null,
        1,
        null,
        1,
        17,
        null,
        null,
        1,
        55,
        null,
        null,
        1,
        157,
        null,
        null
      ],
      "/Users/jus/turing/3module/projects/sweater-weather/app/services/darksky_service.rb": [
        1,
        1,
        14,
        null,
        null,
        1,
        13,
        null,
        null,
        1,
        null,
        1,
        13,
        null,
        13,
        null,
        null,
        1,
        13,
        13,
        null,
        null,
        null
      ],
      "/Users/jus/turing/3module/projects/sweater-weather/app/controllers/api/v1/gifs_controller.rb": [
        1,
        1,
        2,
        2,
        null,
        null
      ],
      "/Users/jus/turing/3module/projects/sweater-weather/app/facades/weather_gif_facade.rb": [
        1,
        1,
        5,
        5,
        null,
        null,
        1,
        4,
        28,
        28,
        null,
        null,
        null
      ],
      "/Users/jus/turing/3module/projects/sweater-weather/app/models/weather_gif.rb": [
        1,
        1,
        31,
        31,
        null,
        null,
        1,
        30,
        null,
        null,
        1,
        30,
        null,
        null,
        1,
        60,
        null,
        null
      ],
      "/Users/jus/turing/3module/projects/sweater-weather/app/facades/gif_facade.rb": [
        1,
        1,
        34,
        34,
        null,
        null,
        1,
        33,
        33,
        null,
        null,
        1,
        null,
        1,
        33,
        null,
        null,
        1,
        33,
        null,
        null
      ],
      "/Users/jus/turing/3module/projects/sweater-weather/app/services/giphy_service.rb": [
        1,
        1,
        35,
        null,
        null,
        1,
        34,
        null,
        null,
        1,
        null,
        1,
        34,
        null,
        34,
        null,
        null,
        1,
        34,
        34,
        34,
        null,
        null,
        null
      ],
      "/Users/jus/turing/3module/projects/sweater-weather/app/serializers/weather_gif_serializer.rb": [
        1,
        1,
        null,
        null,
        null,
        2,
        null,
        null
      ],
      "/Users/jus/turing/3module/projects/sweater-weather/app/mailers/application_mailer.rb": [
        0,
        0,
        0,
        0
      ],
      "/Users/jus/turing/3module/projects/sweater-weather/app/models/application_record.rb": [
        0,
        0,
        0
      ],
      "/Users/jus/turing/3module/projects/sweater-weather/app/jobs/application_job.rb": [
        0,
        0
      ],
      "/Users/jus/turing/3module/projects/sweater-weather/app/helpers/application_helper.rb": [
        0,
        0
      ],
      "/Users/jus/turing/3module/projects/sweater-weather/app/channels/application_cable/connection.rb": [
        0,
        0,
        0,
        0
      ],
      "/Users/jus/turing/3module/projects/sweater-weather/app/channels/application_cable/channel.rb": [
        0,
        0,
        0,
        0
      ]
    },
    "timestamp": 1551118711
  }
}
